C51 COMPILER V9.00   DELAY                                                                 05/17/2023 19:41:49 PAGE 1   


C51 COMPILER V9.00, COMPILATION OF MODULE DELAY
OBJECT MODULE PLACED IN .\output\Delay.obj
COMPILER INVOKED BY: D:\Program Files (x86)\Keil\C51\BIN\C51.EXE src\Delay.c LARGE BROWSE DEBUG OBJECTEXTEND PRINT(.\out
                    -put\Delay.lst) OBJECT(.\output\Delay.obj)

line level    source

   1          #include "config.h"
   2          
   3          static void Delay1us()          //@33.000MHz
   4          {
   5   1              unsigned char i;
   6   1      
   7   1              _nop_();
   8   1              _nop_();
   9   1              _nop_();
  10   1              i = 5;
  11   1              while (--i);
  12   1      }
  13          static void Delay1ms()          //@33.000MHz
  14          {
  15   1              unsigned char i, j;
  16   1      
  17   1              i = 33;
  18   1              j = 22;
  19   1              do
  20   1              {
  21   2                      while (--j);
  22   2              } while (--i);
  23   1      }
  24          
  25          void delayus(unsigned int n)
  26          {
  27   1              while(n--)      Delay1us();
  28   1      }
  29          
  30          void delayms(unsigned int n)
  31          {
  32   1              while(n--)      Delay1ms();
  33   1      }


MODULE INFORMATION:   STATIC OVERLAYABLE
   CODE SIZE        =     57    ----
   CONSTANT SIZE    =   ----    ----
   XDATA SIZE       =   ----    ----
   PDATA SIZE       =   ----    ----
   DATA SIZE        =   ----    ----
   IDATA SIZE       =   ----    ----
   BIT SIZE         =   ----    ----
END OF MODULE INFORMATION.


C51 COMPILATION COMPLETE.  0 WARNING(S),  0 ERROR(S)
