C51 COMPILER V9.00   MAIN                                                                  05/17/2023 19:41:49 PAGE 1   


C51 COMPILER V9.00, COMPILATION OF MODULE MAIN
OBJECT MODULE PLACED IN .\output\Main.obj
COMPILER INVOKED BY: D:\Program Files (x86)\Keil\C51\BIN\C51.EXE src\Main.c LARGE BROWSE DEBUG OBJECTEXTEND PRINT(.\outp
                    -ut\Main.lst) OBJECT(.\output\Main.obj)

line level    source

   1          /*
   2          //功能：复古掌上俄罗斯方块游戏机源代码，包括游戏GUI，俄罗斯方块、贪吃蛇、经典赛车游戏、射击障碍物游戏
   3          v1.0:
   4                  2014-7-26 00:00:00      :完成有俄罗斯方块游戏基本模型;
   5                  2014-7-28 02:12:03      :将原先临时使用的延时键盘扫描改为外部中断状态位检测键;
   6                  2014-7-28 20:40:37      :完成俄罗斯方块分数计数及分数显示功能;
   7                  2014-8-1 01:01:54       :将较早之前完成贪吃蛇游戏代码合并植入;
   8                  2014-8-2 17:04:25       :整理之前的临时源码,使工程文件规范化;
   9                  2014-8-3 23:50:49       :构建游戏选择画面基本模型,完成画面平移效果;
  10                  2014-8-5 00:50:04       :改进LED点阵底层驱动,用软件PWM调节画面亮度;
  11                  2014-8-7 00:53:35       :完成赛车游戏,用PWM分层扫描画面,形成游戏画面对比度;
  12                  2014-8-8 02:16:44       :完成赛车游戏选择预览画面,并将三个游戏合并在一起;
  13                  2014-8-12 01:47:07      :将逐行扫描改为逐点扫描,使显示亮度均匀;增加亮度调节功能;
  14                  2014-9-9 00:32:40       :修改及优化若干细节；
  15          v1.1:
  16                  2014-9-18 0:57:23       :重新布局电路，修改原先不合理的地方，为制作PCB板作准备；
  17                  2014-9-19 22:02:36      :加入游戏音效，并且可以通过软件方式开关声音；
  18                  2014-9-21 14:59:39      :增加三位mini数码管，实时显示游戏分数，数码管共用点阵并行数据口；
  19                  ~~~~~~~~~~~忘记备注
  20                  2014-10-20 21:30:15     :加入射击游戏,将GUI模块化，简化流程
  21          */
  22          
  23          #include "config.h"
  24          volatile uint8 data keypad = K_NULL;    //键盘状态
  25          volatile uint8 data keycont = 0;                //键盘检测消抖定时器
  26          volatile uint16 data tms = 0;                   //1ms T0定时器
  27          bit key_state = 0;                                              //按键状态
  28          
  29          uint16 data speeds = 0;         //游戏速度
  30          uint16 data scores = 0;         //游戏计分
  31          bit Glife = 1;                          //游戏生命
  32          bit sound_ON = 1;                       //音效开关
  33          uint8 data duty = 80;           //PWM，默认亮度
  34          uint8 data DispRAM[16]={0};
  35          uint8 code bitman[8]={1,2,4,8,16,32,64,128};//用于数字序号定位0~7bit位
  36          
  37          uint8 code num[10][5]=          //阳码
  38          {
  39                  {0x7,0x5,0x5,0x5,0x7},
  40                  {0x2,0x6,0x2,0x2,0x7},
  41                  {0x7,0x1,0x7,0x4,0x7},
  42                  {0x7,0x1,0x7,0x1,0x7},
  43                  {0x5,0x5,0x7,0x1,0x1},
  44                  {0x7,0x4,0x7,0x1,0x7},
  45                  {0x7,0x4,0x7,0x5,0x7},
  46                  {0x7,0x1,0x1,0x1,0x1},
  47                  {0x7,0x5,0x7,0x5,0x7},
  48                  {0x7,0x5,0x7,0x1,0x7}
  49          };
  50          
  51          /*********************PORT_INIT********************/
  52          void Port_Init()
  53          {
  54   1              P0M0 = 0Xff;
C51 COMPILER V9.00   MAIN                                                                  05/17/2023 19:41:49 PAGE 2   

  55   1              P0M1 = 0X00;
  56   1              P1M0 = 0Xff;
  57   1              P1M1 = 0X00;
  58   1              P2M0 = 0Xff;
  59   1              P2M1 = 0X00;
  60   1              P3M0 = 0X00;
  61   1              P3M1 = 0X00;
  62   1              P4M0 = 0Xff;
  63   1              P4M1 = 0X00;
  64   1              P5M0 = 0Xff;
  65   1              P5M1 = 0X00;
  66   1      }
  67          
  68          void Init_Timer()
  69          {
  70   1      /******************定时器0中断设置**********************/
  71   1              AUXR |= 0x80;                   //定时器0为1T模式
  72   1          TMOD = 0x00;                    //设置定时器为模式0(16位自动重装载)
  73   1          TL0 = T1MS;                     //初始化计时值
  74   1          TH0 = T1MS >> 8;
  75   1          TR0 = 1;                        //定时器0开始计时
  76   1          ET0 = 1;                        //使能定时器0中断
  77   1              
  78   1      /*****************外部中断设置*************************/        
  79   1              IT0 = 1;                    //设置INT0下降沿触发
  80   1          EX0 = 1;                    //使能外部中断INT0
  81   1              IT1 = 1;                    //设置INT1下降沿触发
  82   1          EX1 = 1;                    //使能外部中断INT1
  83   1              INT_CLKO |= 0x70;           //使能INT2,INT3,INT4(EX4 = 1,EX3 = 1,EX2 = 1
  84   1              
  85   1              EA = 1; 
  86   1      }
  87          
  88          void Array_CLR(uint8 *p)
  89          {
  90   1              uint8 i=0;
  91   1              while(i!=16)
  92   1              {
  93   2                      p[i] = 0x00;
  94   2                      i++;
  95   2              }
  96   1      }
  97          
  98          void ShowScore(uint score)
  99          {
 100   1              uint8 i;
 101   1              uint8 qx,bx,sx,gx;
 102   1              qx = score /1000;
 103   1              bx = score %1000 /100;
 104   1              sx = score %100/10;
 105   1              gx = score %10;
 106   1      
 107   1              Array_CLR(DispRAM);
 108   1      
 109   1              for(i=0;i<5;i++)
 110   1                      DispRAM[8-i] = (num[sx][i]<<4) | (num[gx][i]);
 111   1              
 112   1              for(i=0;i<5;i++)
 113   1                      DispRAM[14-i] = (num[qx][i]<<5) | (num[bx][i]<<1);
 114   1                                      
 115   1      //      MatxDisp(DispRAM,duty);
 116   1      }
C51 COMPILER V9.00   MAIN                                                                  05/17/2023 19:41:49 PAGE 3   

 117          
 118          void main()
 119          {
 120   1              Port_Init();
 121   1              Sound_Init();
 122   1              Init_Timer();
 123   1              Sound_Tone(1,14,5);//滴
 124   1              
 125   1              srand(TL0);             
 126   1              delayms(100);
 127   1              Play_Music(sound_game_start);
 128   1              Flash_Screen_Clear();
 129   1              while(1) 
 130   1              {
 131   2                      tms = 0;
 132   2                      keypad = K_NULL;//清除按键状态
 133   2                      switch (GUI_Main())     //进入用户游戏选择界面，返回选择的游戏
 134   2                      {
 135   3                              case 1: Tetris_Game();  break;
 136   3                              case 2: Snake_Game();   break;
 137   3                              case 3: RAC_Game();             break;
 138   3                              case 4: Shot_Game();    break;
 139   3                      }
 140   2                      Play_Music(sound_game_over);
 141   2                      Flash_Screen_Clear();
 142   2                      ShowScore(scores);      //将分数载入显存
 143   2                      delayms(300);
 144   2                      
 145   2                      keypad = K_NULL;
 146   2                      while(keypad != K_UP)   //在没按下OK键时保持分数显示
 147   2                      {
 148   3                              MatxDisp(DispRAM,duty);
 149   3                              SMG_Display(scores,duty);
 150   3                      }
 151   2              }       
 152   1      }
 153          
 154          /* Timer0 interrupt routine */
 155          void T0_Timer_1ms_int() interrupt 1 using 1
 156          {
 157   1              if(tms<0xfffe)  tms++;  //防止溢出
 158   1              if(key_state){ if(!--keycont) key_state=0;}
 159   1      
 160   1              if(PIN_TR2)//TR2如果打开，则开始播放音效
 161   1              {
 162   2                      if(!sound_cnt_time--)
 163   2                      {
 164   3                              TR2_OFF;
 165   3                              beep = 1;
 166   3                              if(music_p[s_p][1])
 167   3                              {
 168   4                                      Sound_Tone(sound_ON,music_p[s_p][0],music_p[s_p][1]);
 169   4                                      s_p++; //自动装载下一个音符，实现音效与游戏“同时”运行
 170   4                              }
 171   3                      }
 172   2              }
 173   1              if(KEY_DOWN==0 & KEY_UP==0)     IAP_CONTR=0x60;//软件复位下载程序
 174   1      }
 175          
 176          void T2_Timer_Sound_freq() interrupt 12           //中断入口
 177          {
 178   1           beep = ~beep; //蜂鸣器频率震动
C51 COMPILER V9.00   MAIN                                                                  05/17/2023 19:41:49 PAGE 4   

 179   1      }
 180          
 181          uint8 Get_Kvuale(uint8 key_delay)//键值消抖处理，参数为灵敏度调节
 182          {
 183   1              uint8 kvuale = K_NULL;  //返回的初始值为空值
 184   1              if(keypad != K_NULL)    //当键值不为NULL时,说明有按键按下
 185   1              {       
 186   2                      if(!key_state)          //当按键状态位state为0时说明是第一次触发有效,为1时为重复触发
 187   2                      {
 188   3                              key_state=1;    //置1，防止重复触发
 189   3                              kvuale = keypad;//获得读取键值
 190   3                              keycont = key_delay;//载入消抖时间
 191   3                      }
 192   2                      keypad = K_NULL;        //清楚键值
 193   2              }
 194   1              return kvuale;
 195   1      }
 196          /*********外部中断按键区**********/
 197          void exint0() interrupt 0       //INT0
 198          {
 199   1              keypad = 0;
 200   1      }
 201          void exint1() interrupt 2       //INT1
 202          {
 203   1              keypad = 1;     
 204   1      }
 205          void exint2() interrupt 10      //INT2
 206          {
 207   1              keypad = 2;
 208   1      }
 209          void exint3() interrupt 11      //INT3
 210          {
 211   1              keypad = 3;
 212   1      }
 213          void exint4() interrupt 16      //INT4
 214          {       
 215   1              keypad = 4;
 216   1      }
 217          
 218          


MODULE INFORMATION:   STATIC OVERLAYABLE
   CODE SIZE        =    725    ----
   CONSTANT SIZE    =     58    ----
   XDATA SIZE       =   ----       6
   PDATA SIZE       =   ----    ----
   DATA SIZE        =     25    ----
   IDATA SIZE       =   ----    ----
   BIT SIZE         =      3    ----
END OF MODULE INFORMATION.


C51 COMPILATION COMPLETE.  0 WARNING(S),  0 ERROR(S)
