C51 COMPILER V9.00   RAC                                                                   05/17/2023 19:41:49 PAGE 1   


C51 COMPILER V9.00, COMPILATION OF MODULE RAC
OBJECT MODULE PLACED IN .\output\RAC.obj
COMPILER INVOKED BY: D:\Program Files (x86)\Keil\C51\BIN\C51.EXE src\RAC.c LARGE BROWSE DEBUG OBJECTEXTEND PRINT(.\outpu
                    -t\RAC.lst) OBJECT(.\output\RAC.obj)

line level    source

   1          #include "config.h"
   2          
   3          #define ASPEED 28       //æŒ‰åŠ é€Ÿé”®åçš„é€Ÿåº¦
   4          uint8 ucar=1;           //ä½ çš„è½¦ï¼Œ1é å³ï¼Œ2é å·¦
   5          
   6          static void keyscan()
   7          {
   8   1              static bit r = 0;
   9   1              int8 k = Get_Kvuale(30);
  10   1              if(KEY_OK==0) {
  11   2                      speeds = ASPEED;
  12   2                      if(!sound_cnt_time | r) Sound_Tone(sound_ON,6,255);
  13   2                      r=0;
  14   2              }
  15   1              else{   //éšç€åˆ†æ•°çš„å¢åŠ ï¼Œ æ¸¸æˆé€Ÿåº¦é€æ¸åŠ å¿«
  16   2                      speeds = 200 - scores/10;
  17   2                      if(!sound_cnt_time | !r) Sound_Tone(sound_ON,1,255);
  18   2                      r=1;
  19   2              }
  20   1              if(k==K_LEFT)   ucar=1;
  21   1              if(k==K_RIGHT)  ucar=2;
  22   1      }
  23          void RAC_Game()
  24          {       
  25   1              int8 xcar[4][2]={0};    //[2] 0:å·¦/å³/æ— ;    1:è½¦çš„Yè½´ä½ç½®
  26   1              uint8 code carport[3][4]={{0,0,0,0},{0x50,0x20,0x70,0x20},{0x0a,0x04,0x0e,0x04}};
  27   1              uint8 code track[5]={0x81,0x81,0x81,0x00,0x00};
  28   1              uint8 carid=0,lastid=0,stp=0;
  29   1              uint8 p,i;
  30   1              Glife=1;
  31   1              speeds = 200;
  32   1              scores = 0;
  33   1              for(i=0;i<4;i++){
  34   2                      xcar[i][1]=i*5;//å…¶å®ƒèµ›è½¦ä¹‹é—´é—´éš”æ§åˆ¶,é‡è¦éƒ¨åˆ†!
  35   2                      xcar[i][0]=0;
  36   2              }       
  37   1              /******************åˆå§‹åŒ–å®Œæˆ,å¼€å§‹æ¸¸æˆ***********************/
  38   1              while(Glife){   
  39   2      //              åˆ†å±‚æ‰«æ,å°†ç”»é¢ä¸¤è¾¹çš„èµ›é“å’Œèµ›è½¦åˆ†ä¸ºä¸¤æ¬¡æ‰«æï¼Œä½¿è·‘é“è·Ÿèµ›è½¦äº§ç”Ÿç”»é¢å¯¹æ¯
             -”åº¦
  40   2      //              uint8 xtmp[16];
  41   2      //              for(p=0;p<16;p++)//åˆ·æ–°è·‘é“
  42   2      //                      DispRAM[p]=track[(p+stp)%5];//åŠ¨æ€è·‘é“ç®—æ³•
  43   2      //              for(p=0;p<16;p++){
  44   2      //                      xtmp[p]=0x00;
  45   2      //                      for(i=0;i<4;i++)        //åˆ·æ–°å…¶ä»–èµ›è½¦
  46   2      //                              if((0<=(p-xcar[i][1])) && (p-xcar[i][1])<4)     
  47   2      //                                      xtmp[p] = carport[xcar[i][0]][p-(xcar[i][1])];
  48   2      //                      if(p<4)
  49   2      //                              if(xtmp[p] & carport[ucar][p])//åˆ¤æ–­ä½ çš„èµ›è½¦æ˜¯å¦ä¸å…¶å®ƒèµ›è½¦ç¢°æ’
  50   2      //                                      Glife=0;
  51   2      //                              else
  52   2      //                                      xtmp[p] |= carport[ucar][p];
  53   2      //              }
C51 COMPILER V9.00   RAC                                                                   05/17/2023 19:41:49 PAGE 2   

  54   2                      
  55   2                      //åŒæ­¥æ‰«æ
  56   2                      for(p=0;p<16;p++)//åˆ·æ–°è·‘é“
  57   2                      {
  58   3                              DispRAM[p]=0x00;
  59   3                              DispRAM[p]=track[(p+stp)%5];//åŠ¨æ€è·‘é“ç®—æ³•
  60   3                              
  61   3                              for(i=0;i<4;i++)//åˆ·æ–°å…¶ä»–èµ›è½¦
  62   3                                      if((0<=(p-xcar[i][1])) && (p-xcar[i][1])<4)     
  63   3                                              DispRAM[p] |= carport[xcar[i][0]][p-(xcar[i][1])];
  64   3                              if(p<4)
  65   3                              {
  66   4                                      if(DispRAM[p] & carport[ucar][p])//åˆ¤æ–­ä½ çš„èµ›è½¦æ˜¯å¦ä¸å…¶å®ƒèµ›è½¦ç¢°æ’
  67   4                                              Glife=0;
  68   4                                      else    DispRAM[p] |= carport[ucar][p];
  69   4                              }
  70   3                      }
  71   2                      if(tms > speeds)//æ¸¸æˆé€Ÿåº¦èŠ‚æ‹
  72   2                      {       
  73   3                              stp++;
  74   3                              if(stp==5) stp=0;//è·‘é“åŠ¨æ€ç®—æ³•æ ‡è®°ä½
  75   3                              for(i=0;i<4;i++)
  76   3                              {
  77   4                                      xcar[i][1]--;   //å…¶ä»–è½¦è·Ÿéšè·‘é“ä¸‹ç§»
  78   4                                      if(xcar[i][1]== -4){
  79   5                                              xcar[i][1]=15;
  80   5                                              if(lastid>0)    //æ¸¸æˆè§„åˆ™,å¦‚æœä¸Šæ¬¡äº§ç”Ÿçš„ä¸æ˜¯ç©ºè½¦ä½,åˆ™è¿™ä¸€æ¬¡äº§ç”Ÿä¸€ä¸ªç©ºè½¦ä½
  81   5                                                      carid=0;
  82   5                                              else 
  83   5                                                      carid=rand()%3;//éšæœºäº§ç”Ÿä¸€è¾†è½¦
  84   5                                              lastid = carid;
  85   5                                              xcar[i][0]=carid;
  86   5                                              scores ++;
  87   5                                      }
  88   4                              }       
  89   3                              tms=0;
  90   3                      }
  91   2                      keyscan();
  92   2                      MatxDisp(DispRAM,duty);
  93   2                      SMG_Display(scores,duty);
  94   2              }
  95   1              TR2_OFF;
  96   1      }


MODULE INFORMATION:   STATIC OVERLAYABLE
   CODE SIZE        =    726    ----
   CONSTANT SIZE    =     25    ----
   XDATA SIZE       =      1      14
   PDATA SIZE       =   ----    ----
   DATA SIZE        =   ----    ----
   IDATA SIZE       =   ----    ----
   BIT SIZE         =      1    ----
END OF MODULE INFORMATION.


C51 COMPILATION COMPLETE.  0 WARNING(S),  0 ERROR(S)
