C51 COMPILER V9.00   SOUND_DATE                                                            05/17/2023 19:41:50 PAGE 1   


C51 COMPILER V9.00, COMPILATION OF MODULE SOUND_DATE
OBJECT MODULE PLACED IN .\output\Sound_date.obj
COMPILER INVOKED BY: D:\Program Files (x86)\Keil\C51\BIN\C51.EXE src\Sound_date.c LARGE BROWSE DEBUG OBJECTEXTEND PRINT(
                    -.\output\Sound_date.lst) OBJECT(.\output\Sound_date.obj)

line level    source

   1          #include "config.h"
   2          
   3          uint8 code sound_up[8][2]=
   4          {
   5                  {8,8},{9,8},{10,8},{11,8},{12,8},{13,8},{14,8},{0,0}
   6          };
   7          
   8          uint8 code sound_down[8][2]=
   9          {
  10                  {7,8},{6,8},{5,8},{4,8},{3,8},{2,8},{1,8},{0,0}
  11          };
  12          
  13          uint8 code sound_game_start[][2]=
  14          {
  15                  {1,15},
  16                  {1,15},
  17                  {3,15},
  18                  
  19                  {1,10},
  20                  {1,10},
  21                  {3,20},
  22                  {0,0}
  23          };
  24          
  25          uint8 code sound_game_over[5][2]=
  26          {
  27                  {6,15},
  28                  {4,15},
  29                  {3,15},
  30                  {1,30},
  31                  {0,0}
  32          };
  33          
  34          uint8 code sound_korobelniki[][2]=
  35          {       
  36                  {6,28},
  37                  {3,18},
  38                  {4,18},
  39                  {5,18},
  40          
  41                  {4,18},
  42                  {3,18},
  43                  {2,20},
  44          
  45          {0,1},
  46          
  47                  {2,20},
  48                  {4,20},
  49                  {6,28},
  50          
  51          {0,1},
  52          
  53                  {5,18},
  54                  {4,22},
C51 COMPILER V9.00   SOUND_DATE                                                            05/17/2023 19:41:50 PAGE 2   

  55                  {3,22},
  56                  
  57          {0,1},  
  58          
  59                  {4,22},
  60                  {5,22},
  61                  {6,22}, 
  62          
  63          {0,1},  
  64                  
  65                  {4,22},         
  66                  
  67                  {2,22},
  68                  {0,2},
  69                  {2,28},
  70                  
  71          {0,12},
  72          
  73                  {5,30},
  74                  {6,25},
  75                  {7+2,22},
  76                  
  77                  {7+1,22},
  78                  {6,28},
  79          
  80                  {4,18},
  81                  {6,20},
  82                  
  83                  {5,18},
  84                  {4,18},
  85                  {3,28},
  86          
  87                  {4,18},
  88                  {5,28},
  89                  
  90                  {6,20},
  91                  {4,20},
  92                  {2,20},
  93                  {0,1},
  94                  {2,25},
  95                  {0,0},
  96          };
  97          
  98          uint8 code sound_canon[][2]=
  99          {       
 100                  {7+3,35},{7+2,40},{7+1,35},{7,40},
 101          
 102                  {6,35},{5,40},
 103          
 104                  {6,35},{7,40},
 105          
 106                  {7+1,35},{7,40},
 107          
 108                  {6,35},{5,40},
 109          
 110                  {4,35},{3,40},
 111          
 112                  {4,35},{2,40},
 113          
 114                  {7+1,20},{7,20},{7+1,20},{1,20},
 115          
 116                  {7,20},{5,20},{2,20},{3,20},
C51 COMPILER V9.00   SOUND_DATE                                                            05/17/2023 19:41:50 PAGE 3   

 117          
 118                  {1,20},{7+1,20},{7,20},{6,20},
 119          
 120                  {7,20},{7+3,20},{7+5,20},{7+6,20},
 121          
 122                  {7+4,20},{7+3,20},{7+2,20},{7+4,20},
 123          
 124                  {7+4,20},{7+3,20},{7+1,20},{7,20},
 125          
 126                  {6,20},{5,20},{4,20},{3,20},
 127          
 128                  {2,20},{4,20},{3,20},{2,20},
 129          
 130                  {1,20},{2,20},{3,20},{4,20},
 131          
 132                  {5,20},{2,20},{5,20},{4,20},
 133          
 134                  {3,20},{6,20},{5,20},{4,20},
 135          
 136                  {5,20},{4,20},{3,20},{2,20},
 137          
 138                  {1,20},{6,20},{6,20},{7,20},
 139          
 140                  {7+1,20},{7,20},{6,20},{5,20},
 141          
 142                  {4,20},{3,20},{2,20},{6,20},
 143          
 144                  {5,20},{6,20},{5,20},{4,20},
 145                  
 146                  {0,0},
 147          };


MODULE INFORMATION:   STATIC OVERLAYABLE
   CODE SIZE        =   ----    ----
   CONSTANT SIZE    =    304    ----
   XDATA SIZE       =   ----    ----
   PDATA SIZE       =   ----    ----
   DATA SIZE        =   ----    ----
   IDATA SIZE       =   ----    ----
   BIT SIZE         =   ----    ----
END OF MODULE INFORMATION.


C51 COMPILATION COMPLETE.  0 WARNING(S),  0 ERROR(S)
